    In folder 
1   [01/09/19 09:52] track_vis /media/dmattie/GENERAL/CRUSHDATA/0001/01/Tractography/crush.trk -roi /media/dmattie/GENERAL/CRUSHDATA/0001/01/Tractography/wmparc3003.nii.gz -roi2 /media/dmattie/GENERAL/CRUSHDATA/0001/01/Tractography/wmparc3007.nii.gz -nr -ov /media/dmattie/GENERAL/CRUSHDATA/0001/01/Tractography/crush/3003-3007-roi.nii 

    In folder 
2   [01/09/19 09:52] track_vis /media/dmattie/GENERAL/CRUSHDATA/0001/01/Tractography/crush.trk -roi_end /media/dmattie/GENERAL/CRUSHDATA/0001/01/Tractography/wmparc3003.nii.gz -roi_end2 /media/dmattie/GENERAL/CRUSHDATA/0001/01/Tractography/wmparc3007.nii.gz -nr -ov /media/dmattie/GENERAL/CRUSHDATA/0001/01/Tractography/crush/3003-3007-roi_end.nii 

    In folder 
3   [01/09/19 09:52] track_vis /media/dmattie/GENERAL/CRUSHDATA/0001/01/Tractography/crush.trk -roi /media/dmattie/GENERAL/CRUSHDATA/0001/01/Tractography/wmparc1035.nii.gz -roi2 /media/dmattie/GENERAL/CRUSHDATA/0001/01/Tractography/wmparc3003.nii.gz -nr -ov /media/dmattie/GENERAL/CRUSHDATA/0001/01/Tractography/crush/1035-3003-roi.nii 

    In folder 
4   [01/09/19 09:52] track_vis /media/dmattie/GENERAL/CRUSHDATA/0001/01/Tractography/crush.trk -roi_end /media/dmattie/GENERAL/CRUSHDATA/0001/01/Tractography/wmparc1035.nii.gz -roi_end2 /media/dmattie/GENERAL/CRUSHDATA/0001/01/Tractography/wmparc3003.nii.gz -nr -ov /media/dmattie/GENERAL/CRUSHDATA/0001/01/Tractography/crush/1035-3003-roi_end.nii 

    In folder 
5   [01/09/19 09:52] track_vis /media/dmattie/GENERAL/CRUSHDATA/0001/01/Tractography/crush.trk -roi /media/dmattie/GENERAL/CRUSHDATA/0001/01/Tractography/wmparc1035.nii.gz -roi2 /media/dmattie/GENERAL/CRUSHDATA/0001/01/Tractography/wmparc3007.nii.gz -nr -ov /media/dmattie/GENERAL/CRUSHDATA/0001/01/Tractography/crush/1035-3007-roi.nii 

    In folder 
6   [01/09/19 09:53] track_vis /media/dmattie/GENERAL/CRUSHDATA/0001/01/Tractography/crush.trk -roi_end /media/dmattie/GENERAL/CRUSHDATA/0001/01/Tractography/wmparc1035.nii.gz -roi_end2 /media/dmattie/GENERAL/CRUSHDATA/0001/01/Tractography/wmparc3007.nii.gz -nr -ov /media/dmattie/GENERAL/CRUSHDATA/0001/01/Tractography/crush/1035-3007-roi_end.nii 

    In folder 
7   [01/09/19 09:53] track_vis /media/dmattie/GENERAL/CRUSHDATA/0002/01/Tractography/crush.trk -roi /media/dmattie/GENERAL/CRUSHDATA/0002/01/Tractography/wmparc3003.nii.gz -roi2 /media/dmattie/GENERAL/CRUSHDATA/0002/01/Tractography/wmparc3007.nii.gz -nr -ov /media/dmattie/GENERAL/CRUSHDATA/0002/01/Tractography/crush/3003-3007-roi.nii 

    In folder 
8   [01/09/19 09:53] track_vis /media/dmattie/GENERAL/CRUSHDATA/0002/01/Tractography/crush.trk -roi_end /media/dmattie/GENERAL/CRUSHDATA/0002/01/Tractography/wmparc3003.nii.gz -roi_end2 /media/dmattie/GENERAL/CRUSHDATA/0002/01/Tractography/wmparc3007.nii.gz -nr -ov /media/dmattie/GENERAL/CRUSHDATA/0002/01/Tractography/crush/3003-3007-roi_end.nii 

    In folder 
9   [01/09/19 09:53] track_vis /media/dmattie/GENERAL/CRUSHDATA/0002/01/Tractography/crush.trk -roi /media/dmattie/GENERAL/CRUSHDATA/0002/01/Tractography/wmparc1035.nii.gz -roi2 /media/dmattie/GENERAL/CRUSHDATA/0002/01/Tractography/wmparc3003.nii.gz -nr -ov /media/dmattie/GENERAL/CRUSHDATA/0002/01/Tractography/crush/1035-3003-roi.nii 

    In folder 
10  [01/09/19 09:53] track_vis /media/dmattie/GENERAL/CRUSHDATA/0002/01/Tractography/crush.trk -roi_end /media/dmattie/GENERAL/CRUSHDATA/0002/01/Tractography/wmparc1035.nii.gz -roi_end2 /media/dmattie/GENERAL/CRUSHDATA/0002/01/Tractography/wmparc3003.nii.gz -nr -ov /media/dmattie/GENERAL/CRUSHDATA/0002/01/Tractography/crush/1035-3003-roi_end.nii 

    In folder 
11  [01/09/19 09:54] track_vis /media/dmattie/GENERAL/CRUSHDATA/0002/01/Tractography/crush.trk -roi /media/dmattie/GENERAL/CRUSHDATA/0002/01/Tractography/wmparc1035.nii.gz -roi2 /media/dmattie/GENERAL/CRUSHDATA/0002/01/Tractography/wmparc3007.nii.gz -nr -ov /media/dmattie/GENERAL/CRUSHDATA/0002/01/Tractography/crush/1035-3007-roi.nii 

    In folder 
12  [01/09/19 09:54] track_vis /media/dmattie/GENERAL/CRUSHDATA/0002/01/Tractography/crush.trk -roi_end /media/dmattie/GENERAL/CRUSHDATA/0002/01/Tractography/wmparc1035.nii.gz -roi_end2 /media/dmattie/GENERAL/CRUSHDATA/0002/01/Tractography/wmparc3007.nii.gz -nr -ov /media/dmattie/GENERAL/CRUSHDATA/0002/01/Tractography/crush/1035-3007-roi_end.nii 

    In folder 
13  [01/09/19 09:54] track_vis /media/dmattie/GENERAL/CRUSHDATA/0003/01/Tractography/crush.trk -roi /media/dmattie/GENERAL/CRUSHDATA/0003/01/Tractography/wmparc3003.nii.gz -roi2 /media/dmattie/GENERAL/CRUSHDATA/0003/01/Tractography/wmparc3007.nii.gz -nr -ov /media/dmattie/GENERAL/CRUSHDATA/0003/01/Tractography/crush/3003-3007-roi.nii 

    In folder 
14  [01/09/19 09:54] track_vis /media/dmattie/GENERAL/CRUSHDATA/0003/01/Tractography/crush.trk -roi_end /media/dmattie/GENERAL/CRUSHDATA/0003/01/Tractography/wmparc3003.nii.gz -roi_end2 /media/dmattie/GENERAL/CRUSHDATA/0003/01/Tractography/wmparc3007.nii.gz -nr -ov /media/dmattie/GENERAL/CRUSHDATA/0003/01/Tractography/crush/3003-3007-roi_end.nii 

    In folder 
15  [01/09/19 09:54] track_vis /media/dmattie/GENERAL/CRUSHDATA/0003/01/Tractography/crush.trk -roi /media/dmattie/GENERAL/CRUSHDATA/0003/01/Tractography/wmparc1035.nii.gz -roi2 /media/dmattie/GENERAL/CRUSHDATA/0003/01/Tractography/wmparc3003.nii.gz -nr -ov /media/dmattie/GENERAL/CRUSHDATA/0003/01/Tractography/crush/1035-3003-roi.nii 

    In folder 
16  [01/09/19 09:55] track_vis /media/dmattie/GENERAL/CRUSHDATA/0003/01/Tractography/crush.trk -roi_end /media/dmattie/GENERAL/CRUSHDATA/0003/01/Tractography/wmparc1035.nii.gz -roi_end2 /media/dmattie/GENERAL/CRUSHDATA/0003/01/Tractography/wmparc3003.nii.gz -nr -ov /media/dmattie/GENERAL/CRUSHDATA/0003/01/Tractography/crush/1035-3003-roi_end.nii 

    In folder 
17  [01/09/19 09:55] track_vis /media/dmattie/GENERAL/CRUSHDATA/0003/01/Tractography/crush.trk -roi /media/dmattie/GENERAL/CRUSHDATA/0003/01/Tractography/wmparc1035.nii.gz -roi2 /media/dmattie/GENERAL/CRUSHDATA/0003/01/Tractography/wmparc3007.nii.gz -nr -ov /media/dmattie/GENERAL/CRUSHDATA/0003/01/Tractography/crush/1035-3007-roi.nii 

    In folder 
18  [01/09/19 09:55] track_vis /media/dmattie/GENERAL/CRUSHDATA/0003/01/Tractography/crush.trk -roi_end /media/dmattie/GENERAL/CRUSHDATA/0003/01/Tractography/wmparc1035.nii.gz -roi_end2 /media/dmattie/GENERAL/CRUSHDATA/0003/01/Tractography/wmparc3007.nii.gz -nr -ov /media/dmattie/GENERAL/CRUSHDATA/0003/01/Tractography/crush/1035-3007-roi_end.nii 

    In folder 
19  [01/09/19 09:55] track_vis /media/dmattie/GENERAL/CRUSHDATA/0004/01/Tractography/crush.trk -roi /media/dmattie/GENERAL/CRUSHDATA/0004/01/Tractography/wmparc3003.nii.gz -roi2 /media/dmattie/GENERAL/CRUSHDATA/0004/01/Tractography/wmparc3007.nii.gz -nr -ov /media/dmattie/GENERAL/CRUSHDATA/0004/01/Tractography/crush/3003-3007-roi.nii 

    In folder 
20  [01/09/19 09:55] track_vis /media/dmattie/GENERAL/CRUSHDATA/0004/01/Tractography/crush.trk -roi_end /media/dmattie/GENERAL/CRUSHDATA/0004/01/Tractography/wmparc3003.nii.gz -roi_end2 /media/dmattie/GENERAL/CRUSHDATA/0004/01/Tractography/wmparc3007.nii.gz -nr -ov /media/dmattie/GENERAL/CRUSHDATA/0004/01/Tractography/crush/3003-3007-roi_end.nii 

    In folder 
21  [01/09/19 09:55] track_vis /media/dmattie/GENERAL/CRUSHDATA/0004/01/Tractography/crush.trk -roi /media/dmattie/GENERAL/CRUSHDATA/0004/01/Tractography/wmparc1035.nii.gz -roi2 /media/dmattie/GENERAL/CRUSHDATA/0004/01/Tractography/wmparc3003.nii.gz -nr -ov /media/dmattie/GENERAL/CRUSHDATA/0004/01/Tractography/crush/1035-3003-roi.nii 

    In folder 
22  [01/09/19 09:56] track_vis /media/dmattie/GENERAL/CRUSHDATA/0004/01/Tractography/crush.trk -roi_end /media/dmattie/GENERAL/CRUSHDATA/0004/01/Tractography/wmparc1035.nii.gz -roi_end2 /media/dmattie/GENERAL/CRUSHDATA/0004/01/Tractography/wmparc3003.nii.gz -nr -ov /media/dmattie/GENERAL/CRUSHDATA/0004/01/Tractography/crush/1035-3003-roi_end.nii 

    In folder 
23  [01/09/19 09:56] track_vis /media/dmattie/GENERAL/CRUSHDATA/0004/01/Tractography/crush.trk -roi /media/dmattie/GENERAL/CRUSHDATA/0004/01/Tractography/wmparc1035.nii.gz -roi2 /media/dmattie/GENERAL/CRUSHDATA/0004/01/Tractography/wmparc3007.nii.gz -nr -ov /media/dmattie/GENERAL/CRUSHDATA/0004/01/Tractography/crush/1035-3007-roi.nii 

    In folder 
24  [01/09/19 09:56] track_vis /media/dmattie/GENERAL/CRUSHDATA/0004/01/Tractography/crush.trk -roi_end /media/dmattie/GENERAL/CRUSHDATA/0004/01/Tractography/wmparc1035.nii.gz -roi_end2 /media/dmattie/GENERAL/CRUSHDATA/0004/01/Tractography/wmparc3007.nii.gz -nr -ov /media/dmattie/GENERAL/CRUSHDATA/0004/01/Tractography/crush/1035-3007-roi_end.nii 

    In folder 
25  [01/09/19 09:59] track_vis /media/dmattie/GENERAL/CRUSHDATA/0005/01/Tractography/crush.trk -roi /media/dmattie/GENERAL/CRUSHDATA/0005/01/Tractography/wmparc3003.nii.gz -roi2 /media/dmattie/GENERAL/CRUSHDATA/0005/01/Tractography/wmparc3007.nii.gz -nr -ov /media/dmattie/GENERAL/CRUSHDATA/0005/01/Tractography/crush/3003-3007-roi.nii 

    In folder 
26  [01/09/19 09:59] track_vis /media/dmattie/GENERAL/CRUSHDATA/0005/01/Tractography/crush.trk -roi_end /media/dmattie/GENERAL/CRUSHDATA/0005/01/Tractography/wmparc3003.nii.gz -roi_end2 /media/dmattie/GENERAL/CRUSHDATA/0005/01/Tractography/wmparc3007.nii.gz -nr -ov /media/dmattie/GENERAL/CRUSHDATA/0005/01/Tractography/crush/3003-3007-roi_end.nii 

    In folder 
27  [01/09/19 10:00] track_vis /media/dmattie/GENERAL/CRUSHDATA/0005/01/Tractography/crush.trk -roi /media/dmattie/GENERAL/CRUSHDATA/0005/01/Tractography/wmparc1035.nii.gz -roi2 /media/dmattie/GENERAL/CRUSHDATA/0005/01/Tractography/wmparc3003.nii.gz -nr -ov /media/dmattie/GENERAL/CRUSHDATA/0005/01/Tractography/crush/1035-3003-roi.nii 

    In folder 
28  [01/09/19 10:00] track_vis /media/dmattie/GENERAL/CRUSHDATA/0005/01/Tractography/crush.trk -roi_end /media/dmattie/GENERAL/CRUSHDATA/0005/01/Tractography/wmparc1035.nii.gz -roi_end2 /media/dmattie/GENERAL/CRUSHDATA/0005/01/Tractography/wmparc3003.nii.gz -nr -ov /media/dmattie/GENERAL/CRUSHDATA/0005/01/Tractography/crush/1035-3003-roi_end.nii 

    In folder 
29  [01/09/19 10:00] track_vis /media/dmattie/GENERAL/CRUSHDATA/0005/01/Tractography/crush.trk -roi /media/dmattie/GENERAL/CRUSHDATA/0005/01/Tractography/wmparc1035.nii.gz -roi2 /media/dmattie/GENERAL/CRUSHDATA/0005/01/Tractography/wmparc3007.nii.gz -nr -ov /media/dmattie/GENERAL/CRUSHDATA/0005/01/Tractography/crush/1035-3007-roi.nii 

    In folder 
30  [01/09/19 10:00] track_vis /media/dmattie/GENERAL/CRUSHDATA/0005/01/Tractography/crush.trk -roi_end /media/dmattie/GENERAL/CRUSHDATA/0005/01/Tractography/wmparc1035.nii.gz -roi_end2 /media/dmattie/GENERAL/CRUSHDATA/0005/01/Tractography/wmparc3007.nii.gz -nr -ov /media/dmattie/GENERAL/CRUSHDATA/0005/01/Tractography/crush/1035-3007-roi_end.nii 

    In folder 
31  [01/09/19 10:04] track_vis /media/dmattie/GENERAL/CRUSHDATA/0006/01/Tractography/crush.trk -roi /media/dmattie/GENERAL/CRUSHDATA/0006/01/Tractography/wmparc3003.nii.gz -roi2 /media/dmattie/GENERAL/CRUSHDATA/0006/01/Tractography/wmparc3007.nii.gz -nr -ov /media/dmattie/GENERAL/CRUSHDATA/0006/01/Tractography/crush/3003-3007-roi.nii 

    In folder 
32  [01/09/19 10:05] track_vis /media/dmattie/GENERAL/CRUSHDATA/0006/01/Tractography/crush.trk -roi_end /media/dmattie/GENERAL/CRUSHDATA/0006/01/Tractography/wmparc3003.nii.gz -roi_end2 /media/dmattie/GENERAL/CRUSHDATA/0006/01/Tractography/wmparc3007.nii.gz -nr -ov /media/dmattie/GENERAL/CRUSHDATA/0006/01/Tractography/crush/3003-3007-roi_end.nii 

    In folder 
33  [01/09/19 10:05] track_vis /media/dmattie/GENERAL/CRUSHDATA/0006/01/Tractography/crush.trk -roi /media/dmattie/GENERAL/CRUSHDATA/0006/01/Tractography/wmparc1035.nii.gz -roi2 /media/dmattie/GENERAL/CRUSHDATA/0006/01/Tractography/wmparc3003.nii.gz -nr -ov /media/dmattie/GENERAL/CRUSHDATA/0006/01/Tractography/crush/1035-3003-roi.nii 

    In folder 
34  [01/09/19 10:05] track_vis /media/dmattie/GENERAL/CRUSHDATA/0006/01/Tractography/crush.trk -roi_end /media/dmattie/GENERAL/CRUSHDATA/0006/01/Tractography/wmparc1035.nii.gz -roi_end2 /media/dmattie/GENERAL/CRUSHDATA/0006/01/Tractography/wmparc3003.nii.gz -nr -ov /media/dmattie/GENERAL/CRUSHDATA/0006/01/Tractography/crush/1035-3003-roi_end.nii 

    In folder 
35  [01/09/19 10:05] track_vis /media/dmattie/GENERAL/CRUSHDATA/0006/01/Tractography/crush.trk -roi /media/dmattie/GENERAL/CRUSHDATA/0006/01/Tractography/wmparc1035.nii.gz -roi2 /media/dmattie/GENERAL/CRUSHDATA/0006/01/Tractography/wmparc3007.nii.gz -nr -ov /media/dmattie/GENERAL/CRUSHDATA/0006/01/Tractography/crush/1035-3007-roi.nii 

    In folder 
36  [01/09/19 10:05] track_vis /media/dmattie/GENERAL/CRUSHDATA/0006/01/Tractography/crush.trk -roi_end /media/dmattie/GENERAL/CRUSHDATA/0006/01/Tractography/wmparc1035.nii.gz -roi_end2 /media/dmattie/GENERAL/CRUSHDATA/0006/01/Tractography/wmparc3007.nii.gz -nr -ov /media/dmattie/GENERAL/CRUSHDATA/0006/01/Tractography/crush/1035-3007-roi_end.nii 

    In folder 
37  [01/09/19 10:09] track_vis /media/dmattie/GENERAL/CRUSHDATA/0007/01/Tractography/crush.trk -roi /media/dmattie/GENERAL/CRUSHDATA/0007/01/Tractography/wmparc3003.nii.gz -roi2 /media/dmattie/GENERAL/CRUSHDATA/0007/01/Tractography/wmparc3007.nii.gz -nr -ov /media/dmattie/GENERAL/CRUSHDATA/0007/01/Tractography/crush/3003-3007-roi.nii 

    In folder 
38  [01/09/19 10:09] track_vis /media/dmattie/GENERAL/CRUSHDATA/0007/01/Tractography/crush.trk -roi_end /media/dmattie/GENERAL/CRUSHDATA/0007/01/Tractography/wmparc3003.nii.gz -roi_end2 /media/dmattie/GENERAL/CRUSHDATA/0007/01/Tractography/wmparc3007.nii.gz -nr -ov /media/dmattie/GENERAL/CRUSHDATA/0007/01/Tractography/crush/3003-3007-roi_end.nii 

    In folder 
39  [01/09/19 10:10] track_vis /media/dmattie/GENERAL/CRUSHDATA/0007/01/Tractography/crush.trk -roi /media/dmattie/GENERAL/CRUSHDATA/0007/01/Tractography/wmparc1035.nii.gz -roi2 /media/dmattie/GENERAL/CRUSHDATA/0007/01/Tractography/wmparc3003.nii.gz -nr -ov /media/dmattie/GENERAL/CRUSHDATA/0007/01/Tractography/crush/1035-3003-roi.nii 

    In folder 
40  [01/09/19 10:10] track_vis /media/dmattie/GENERAL/CRUSHDATA/0007/01/Tractography/crush.trk -roi_end /media/dmattie/GENERAL/CRUSHDATA/0007/01/Tractography/wmparc1035.nii.gz -roi_end2 /media/dmattie/GENERAL/CRUSHDATA/0007/01/Tractography/wmparc3003.nii.gz -nr -ov /media/dmattie/GENERAL/CRUSHDATA/0007/01/Tractography/crush/1035-3003-roi_end.nii 

    In folder 
41  [01/09/19 10:10] track_vis /media/dmattie/GENERAL/CRUSHDATA/0007/01/Tractography/crush.trk -roi /media/dmattie/GENERAL/CRUSHDATA/0007/01/Tractography/wmparc1035.nii.gz -roi2 /media/dmattie/GENERAL/CRUSHDATA/0007/01/Tractography/wmparc3007.nii.gz -nr -ov /media/dmattie/GENERAL/CRUSHDATA/0007/01/Tractography/crush/1035-3007-roi.nii 

    In folder 
42  [01/09/19 10:10] track_vis /media/dmattie/GENERAL/CRUSHDATA/0007/01/Tractography/crush.trk -roi_end /media/dmattie/GENERAL/CRUSHDATA/0007/01/Tractography/wmparc1035.nii.gz -roi_end2 /media/dmattie/GENERAL/CRUSHDATA/0007/01/Tractography/wmparc3007.nii.gz -nr -ov /media/dmattie/GENERAL/CRUSHDATA/0007/01/Tractography/crush/1035-3007-roi_end.nii 

    In folder 
43  [01/09/19 10:13] track_vis /media/dmattie/GENERAL/CRUSHDATA/0008/01/Tractography/crush.trk -roi /media/dmattie/GENERAL/CRUSHDATA/0008/01/Tractography/wmparc3003.nii.gz -roi2 /media/dmattie/GENERAL/CRUSHDATA/0008/01/Tractography/wmparc3007.nii.gz -nr -ov /media/dmattie/GENERAL/CRUSHDATA/0008/01/Tractography/crush/3003-3007-roi.nii 

    In folder 
44  [01/09/19 10:13] track_vis /media/dmattie/GENERAL/CRUSHDATA/0008/01/Tractography/crush.trk -roi_end /media/dmattie/GENERAL/CRUSHDATA/0008/01/Tractography/wmparc3003.nii.gz -roi_end2 /media/dmattie/GENERAL/CRUSHDATA/0008/01/Tractography/wmparc3007.nii.gz -nr -ov /media/dmattie/GENERAL/CRUSHDATA/0008/01/Tractography/crush/3003-3007-roi_end.nii 

    In folder 
45  [01/09/19 10:13] track_vis /media/dmattie/GENERAL/CRUSHDATA/0008/01/Tractography/crush.trk -roi /media/dmattie/GENERAL/CRUSHDATA/0008/01/Tractography/wmparc1035.nii.gz -roi2 /media/dmattie/GENERAL/CRUSHDATA/0008/01/Tractography/wmparc3003.nii.gz -nr -ov /media/dmattie/GENERAL/CRUSHDATA/0008/01/Tractography/crush/1035-3003-roi.nii 

    In folder 
46  [01/09/19 10:14] track_vis /media/dmattie/GENERAL/CRUSHDATA/0008/01/Tractography/crush.trk -roi_end /media/dmattie/GENERAL/CRUSHDATA/0008/01/Tractography/wmparc1035.nii.gz -roi_end2 /media/dmattie/GENERAL/CRUSHDATA/0008/01/Tractography/wmparc3003.nii.gz -nr -ov /media/dmattie/GENERAL/CRUSHDATA/0008/01/Tractography/crush/1035-3003-roi_end.nii 

    In folder 
47  [01/09/19 10:14] track_vis /media/dmattie/GENERAL/CRUSHDATA/0008/01/Tractography/crush.trk -roi /media/dmattie/GENERAL/CRUSHDATA/0008/01/Tractography/wmparc1035.nii.gz -roi2 /media/dmattie/GENERAL/CRUSHDATA/0008/01/Tractography/wmparc3007.nii.gz -nr -ov /media/dmattie/GENERAL/CRUSHDATA/0008/01/Tractography/crush/1035-3007-roi.nii 

    In folder 
48  [01/09/19 10:14] track_vis /media/dmattie/GENERAL/CRUSHDATA/0008/01/Tractography/crush.trk -roi_end /media/dmattie/GENERAL/CRUSHDATA/0008/01/Tractography/wmparc1035.nii.gz -roi_end2 /media/dmattie/GENERAL/CRUSHDATA/0008/01/Tractography/wmparc3007.nii.gz -nr -ov /media/dmattie/GENERAL/CRUSHDATA/0008/01/Tractography/crush/1035-3007-roi_end.nii 

    In folder 
49  [01/09/19 10:17] track_vis /media/dmattie/GENERAL/CRUSHDATA/0009/01/Tractography/crush.trk -roi /media/dmattie/GENERAL/CRUSHDATA/0009/01/Tractography/wmparc3003.nii.gz -roi2 /media/dmattie/GENERAL/CRUSHDATA/0009/01/Tractography/wmparc3007.nii.gz -nr -ov /media/dmattie/GENERAL/CRUSHDATA/0009/01/Tractography/crush/3003-3007-roi.nii 

    In folder 
50  [01/09/19 10:17] track_vis /media/dmattie/GENERAL/CRUSHDATA/0009/01/Tractography/crush.trk -roi_end /media/dmattie/GENERAL/CRUSHDATA/0009/01/Tractography/wmparc3003.nii.gz -roi_end2 /media/dmattie/GENERAL/CRUSHDATA/0009/01/Tractography/wmparc3007.nii.gz -nr -ov /media/dmattie/GENERAL/CRUSHDATA/0009/01/Tractography/crush/3003-3007-roi_end.nii 

    In folder 
51  [01/09/19 10:18] track_vis /media/dmattie/GENERAL/CRUSHDATA/0009/01/Tractography/crush.trk -roi /media/dmattie/GENERAL/CRUSHDATA/0009/01/Tractography/wmparc1035.nii.gz -roi2 /media/dmattie/GENERAL/CRUSHDATA/0009/01/Tractography/wmparc3003.nii.gz -nr -ov /media/dmattie/GENERAL/CRUSHDATA/0009/01/Tractography/crush/1035-3003-roi.nii 

    In folder 
52  [01/09/19 10:18] track_vis /media/dmattie/GENERAL/CRUSHDATA/0009/01/Tractography/crush.trk -roi_end /media/dmattie/GENERAL/CRUSHDATA/0009/01/Tractography/wmparc1035.nii.gz -roi_end2 /media/dmattie/GENERAL/CRUSHDATA/0009/01/Tractography/wmparc3003.nii.gz -nr -ov /media/dmattie/GENERAL/CRUSHDATA/0009/01/Tractography/crush/1035-3003-roi_end.nii 

    In folder 
53  [01/09/19 10:18] track_vis /media/dmattie/GENERAL/CRUSHDATA/0009/01/Tractography/crush.trk -roi /media/dmattie/GENERAL/CRUSHDATA/0009/01/Tractography/wmparc1035.nii.gz -roi2 /media/dmattie/GENERAL/CRUSHDATA/0009/01/Tractography/wmparc3007.nii.gz -nr -ov /media/dmattie/GENERAL/CRUSHDATA/0009/01/Tractography/crush/1035-3007-roi.nii 

    In folder 
54  [01/09/19 10:18] track_vis /media/dmattie/GENERAL/CRUSHDATA/0009/01/Tractography/crush.trk -roi_end /media/dmattie/GENERAL/CRUSHDATA/0009/01/Tractography/wmparc1035.nii.gz -roi_end2 /media/dmattie/GENERAL/CRUSHDATA/0009/01/Tractography/wmparc3007.nii.gz -nr -ov /media/dmattie/GENERAL/CRUSHDATA/0009/01/Tractography/crush/1035-3007-roi_end.nii 

    In folder 
55  [01/09/19 10:21] track_vis /media/dmattie/GENERAL/CRUSHDATA/0010/01/Tractography/crush.trk -roi /media/dmattie/GENERAL/CRUSHDATA/0010/01/Tractography/wmparc3003.nii.gz -roi2 /media/dmattie/GENERAL/CRUSHDATA/0010/01/Tractography/wmparc3007.nii.gz -nr -ov /media/dmattie/GENERAL/CRUSHDATA/0010/01/Tractography/crush/3003-3007-roi.nii 

    In folder 
56  [01/09/19 10:21] track_vis /media/dmattie/GENERAL/CRUSHDATA/0010/01/Tractography/crush.trk -roi_end /media/dmattie/GENERAL/CRUSHDATA/0010/01/Tractography/wmparc3003.nii.gz -roi_end2 /media/dmattie/GENERAL/CRUSHDATA/0010/01/Tractography/wmparc3007.nii.gz -nr -ov /media/dmattie/GENERAL/CRUSHDATA/0010/01/Tractography/crush/3003-3007-roi_end.nii 

    In folder 
57  [01/09/19 10:21] track_vis /media/dmattie/GENERAL/CRUSHDATA/0010/01/Tractography/crush.trk -roi /media/dmattie/GENERAL/CRUSHDATA/0010/01/Tractography/wmparc1035.nii.gz -roi2 /media/dmattie/GENERAL/CRUSHDATA/0010/01/Tractography/wmparc3003.nii.gz -nr -ov /media/dmattie/GENERAL/CRUSHDATA/0010/01/Tractography/crush/1035-3003-roi.nii 

    In folder 
58  [01/09/19 10:22] track_vis /media/dmattie/GENERAL/CRUSHDATA/0010/01/Tractography/crush.trk -roi_end /media/dmattie/GENERAL/CRUSHDATA/0010/01/Tractography/wmparc1035.nii.gz -roi_end2 /media/dmattie/GENERAL/CRUSHDATA/0010/01/Tractography/wmparc3003.nii.gz -nr -ov /media/dmattie/GENERAL/CRUSHDATA/0010/01/Tractography/crush/1035-3003-roi_end.nii 

    In folder 
59  [01/09/19 10:22] track_vis /media/dmattie/GENERAL/CRUSHDATA/0010/01/Tractography/crush.trk -roi /media/dmattie/GENERAL/CRUSHDATA/0010/01/Tractography/wmparc1035.nii.gz -roi2 /media/dmattie/GENERAL/CRUSHDATA/0010/01/Tractography/wmparc3007.nii.gz -nr -ov /media/dmattie/GENERAL/CRUSHDATA/0010/01/Tractography/crush/1035-3007-roi.nii 

    In folder 
60  [01/09/19 10:22] track_vis /media/dmattie/GENERAL/CRUSHDATA/0010/01/Tractography/crush.trk -roi_end /media/dmattie/GENERAL/CRUSHDATA/0010/01/Tractography/wmparc1035.nii.gz -roi_end2 /media/dmattie/GENERAL/CRUSHDATA/0010/01/Tractography/wmparc3007.nii.gz -nr -ov /media/dmattie/GENERAL/CRUSHDATA/0010/01/Tractography/crush/1035-3007-roi_end.nii 
